\BOOKMARK [1][-]{section.1}{Informacje og\363lne}{}% 1
\BOOKMARK [2][-]{subsection.1.1}{Opis dokumentu}{section.1}% 2
\BOOKMARK [2][-]{subsection.1.2}{Srodowisko implementacyjne}{section.1}% 3
\BOOKMARK [2][-]{subsection.1.3}{Narzedzia i programy towarzyszace tworzeniu}{section.1}% 4
\BOOKMARK [2][-]{subsection.1.4}{Konwencja wprowadzania zmian w kontroli wersji}{section.1}% 5
\BOOKMARK [2][-]{subsection.1.5}{Okreslenie kamieni milowych}{section.1}% 6
\BOOKMARK [1][-]{section.2}{Opis klas i ich zaleznosci}{}% 7
\BOOKMARK [2][-]{subsection.2.1}{Diagram klas}{section.2}% 8
\BOOKMARK [2][-]{subsection.2.2}{Klasy}{section.2}% 9
\BOOKMARK [3][-]{subsubsection.2.2.1}{MainOfWar}{subsection.2.2}% 10
\BOOKMARK [3][-]{subsubsection.2.2.2}{StartFrame}{subsection.2.2}% 11
\BOOKMARK [3][-]{subsubsection.2.2.3}{HelpFrame}{subsection.2.2}% 12
\BOOKMARK [3][-]{subsubsection.2.2.4}{ConfObject}{subsection.2.2}% 13
\BOOKMARK [3][-]{subsubsection.2.2.5}{GameFrame}{subsection.2.2}% 14
\BOOKMARK [3][-]{subsubsection.2.2.6}{SettingsFrame}{subsection.2.2}% 15
\BOOKMARK [3][-]{subsubsection.2.2.7}{Colony}{subsection.2.2}% 16
\BOOKMARK [3][-]{subsubsection.2.2.8}{Cell}{subsection.2.2}% 17
\BOOKMARK [3][-]{subsubsection.2.2.9}{Bomb}{subsection.2.2}% 18
\BOOKMARK [3][-]{subsubsection.2.2.10}{Bullet}{subsection.2.2}% 19
\BOOKMARK [3][-]{subsubsection.2.2.11}{TankLeft oraz TankRight}{subsection.2.2}% 20
\BOOKMARK [3][-]{subsubsection.2.2.12}{BodyL oraz BodyR}{subsection.2.2}% 21
\BOOKMARK [3][-]{subsubsection.2.2.13}{BarrelL oraz BarrelR}{subsection.2.2}% 22
\BOOKMARK [2][-]{subsection.2.3}{Zaleznosci miedzy klasami}{section.2}% 23
\BOOKMARK [2][-]{subsection.2.4}{Wzorce projektowe}{section.2}% 24
\BOOKMARK [1][-]{section.3}{Multimedia}{}% 25
\BOOKMARK [2][-]{subsection.3.1}{Grafika}{section.3}% 26
\BOOKMARK [2][-]{subsection.3.2}{Muzyka}{section.3}% 27
\BOOKMARK [1][-]{section.4}{Testowanie}{}% 28
\BOOKMARK [2][-]{subsection.4.1}{Wyglad test\363w}{section.4}% 29
\BOOKMARK [2][-]{subsection.4.2}{Najwazniejsze elementy do przetestowania}{section.4}% 30
\BOOKMARK [2][-]{subsection.4.3}{Opis test\363w kluczowych}{section.4}% 31
